Success (3):
content 14168 97597486-ded5-4b50-a2f8-f297f610d000_FORMATNAME "EMS_FormatName"
content 14169 8ce86692-a813-43e9-a433-b3216531dc5f_GETONERECORD "EMS_GetEMSById"
content 14183 _a-0000e0d5-aa1e-8000-3120-01ef9001ef90_13549 "TestExp"

Referenced precedents that were not exported (4):
datatype 2876 {urn:com:appian:types:EMS}EMS_EMS
content 11577 5dc87a26-e9e7-4449-b03a-da1a577e6c21
content 11571 7bb0bbb8-4ea0-4b9a-8dba-bfdd2371b664_MAINDSECONSTANT
content 11564 41327b2c-a17c-4e00-8f1f-6e5ff91cb2fb

Trace:
2019-01-21 13:31:02.303 DEBUG content 14168 97597486-ded5-4b50-a2f8-f297f610d000_FORMATNAME Begin transport.
2019-01-21 13:31:02.303 DEBUG content 14168 97597486-ded5-4b50-a2f8-f297f610d000_FORMATNAME Retrieving object data.
2019-01-21 13:31:02.31 DEBUG content 14168 97597486-ded5-4b50-a2f8-f297f610d000_FORMATNAME Setting uuids of object references.
2019-01-21 13:31:02.31 DEBUG content 14168 97597486-ded5-4b50-a2f8-f297f610d000_FORMATNAME Processing reference: [Content:id=11581,versionId=-1,name=EMS_FormatName,description=Given a username, returns the display name in a formatted string,type=32,subtype=1,uuid=97597486-ded5-4b50-a2f8-f297f610d000_FORMATNAME,parent=11577,parentName=EMS Utility Rules,parentType=2,log=14168,logName=EMS_FormatName,state=255,visibility=35,security=15,creator=Vidyas,createdTimestamp=2019-01-21 06:14:34.0,updatedTimestamp=2019-01-21 06:14:34.0,size=0,lockedBy=,changesRequireApproval=false,attributes={dep_rules=[Ljava.lang.Long;@13a5a93c, system=0, preferredEditor=legacy, hidden=0, offlineEnabled=false, ruletype=1, dep_functions=[Ljava.lang.String;@1471709b, definition=/* format name test111111111*/
if(
  and(
    not(
      isnull(
        ri!username
      )
    ),
    isusernametaken(
      ri!username
    )
  ),
  user(
    ri!username,
    "firstName"
  ) & " " & user(
    ri!username,
    "lastName"
  ),
  ri!username
)
, dep_types=[Ljava.lang.String;@50fc161b, metadataExpr=null, parameters=[Lcom.appiancorp.suiteapi.process.TypedVariable;@412db2d, dep_variables=[[Ljava.lang.String;@3a407eda},partition=1,partitionName=/usr/local/appian/_admin/accdocs1]
2019-01-21 13:31:02.311 DEBUG content 14168 97597486-ded5-4b50-a2f8-f297f610d000_FORMATNAME Processing reference: FreeformRule.forum
2019-01-21 13:31:02.311 DEBUG content 14168 97597486-ded5-4b50-a2f8-f297f610d000_FORMATNAME Processing reference: TypedVariable[name=username,it=3,v=]
2019-01-21 13:31:02.311 DEBUG content 14168 97597486-ded5-4b50-a2f8-f297f610d000_FORMATNAME Processing reference: FreeformRule.parent
2019-01-21 13:31:02.313 DEBUG content 14168 97597486-ded5-4b50-a2f8-f297f610d000_FORMATNAME Processing reference: com.appiancorp.suiteapi.content.ContentRoleMap@3e171d99[
  ContentRole[name=readers,inherit=true,allowForAll=false]
  ContentRole[name=authors,inherit=true,allowForAll=false]
  ContentRole[name=administrators,inherit=true,allowForAll=false]
  ContentRole[name=denyReaders,inherit=false,allowForAll=false]
  ContentRole[name=denyAuthors,inherit=false,allowForAll=false]
  ContentRole[name=denyAdministrators,inherit=false,allowForAll=false]
  securityVector=15:SEC_PUBLIC=true,SEC_CREATOR_ADMIN=false,SEC_INH_ADMIN=true,SEC_INH_EDITOR=true,SEC_INH_VIEWER=true,SEC_ALL_ADMIN=false,SEC_ALL_EDITOR=false,SEC_ALL_VIEWER=false
]
2019-01-21 13:31:02.313 DEBUG content 14168 97597486-ded5-4b50-a2f8-f297f610d000_FORMATNAME Processing reference: ContentRole[name=readers,inherit=true,allowForAll=false]
2019-01-21 13:31:02.313 DEBUG content 14168 97597486-ded5-4b50-a2f8-f297f610d000_FORMATNAME Processing reference: ContentRole[name=authors,inherit=true,allowForAll=false]
2019-01-21 13:31:02.313 DEBUG content 14168 97597486-ded5-4b50-a2f8-f297f610d000_FORMATNAME Processing reference: ContentRole[name=administrators,inherit=true,allowForAll=false]
2019-01-21 13:31:02.313 DEBUG content 14168 97597486-ded5-4b50-a2f8-f297f610d000_FORMATNAME Processing reference: ContentRole[name=denyReaders,inherit=false,allowForAll=false]
2019-01-21 13:31:02.313 DEBUG content 14168 97597486-ded5-4b50-a2f8-f297f610d000_FORMATNAME Processing reference: ContentRole[name=denyAuthors,inherit=false,allowForAll=false]
2019-01-21 13:31:02.313 DEBUG content 14168 97597486-ded5-4b50-a2f8-f297f610d000_FORMATNAME Processing reference: ContentRole[name=denyAdministrators,inherit=false,allowForAll=false]
2019-01-21 13:31:02.313 DEBUG content 14168 97597486-ded5-4b50-a2f8-f297f610d000_FORMATNAME Completing produce.
2019-01-21 13:31:02.313 DEBUG content 14168 97597486-ded5-4b50-a2f8-f297f610d000_FORMATNAME Exporting binary resources.
2019-01-21 13:31:02.313 DEBUG content 14168 97597486-ded5-4b50-a2f8-f297f610d000_FORMATNAME Serializing object to XML.
2019-01-21 13:31:02.314 DEBUG content 14168 97597486-ded5-4b50-a2f8-f297f610d000_FORMATNAME Object transported.
2019-01-21 13:31:02.314 DEBUG content 14169 8ce86692-a813-43e9-a433-b3216531dc5f_GETONERECORD Begin transport.
2019-01-21 13:31:02.314 DEBUG content 14169 8ce86692-a813-43e9-a433-b3216531dc5f_GETONERECORD Retrieving object data.
2019-01-21 13:31:02.32 DEBUG content 14169 8ce86692-a813-43e9-a433-b3216531dc5f_GETONERECORD Setting uuids of object references.
2019-01-21 13:31:02.32 DEBUG content 14169 8ce86692-a813-43e9-a433-b3216531dc5f_GETONERECORD Processing reference: [Content:id=11586,versionId=-1,name=EMS_GetEMSById,description=Returns the EMS that matches the passed id,type=32,subtype=1,uuid=8ce86692-a813-43e9-a433-b3216531dc5f_GETONERECORD,parent=11564,parentName=EMS Rules and Constants,parentType=2,log=14169,logName=EMS_GetEMSById,state=255,visibility=35,security=15,creator=Vidyas,createdTimestamp=2019-01-21 06:14:47.0,updatedTimestamp=2019-01-21 06:14:47.0,size=0,lockedBy=,changesRequireApproval=false,attributes={dep_rules=[Ljava.lang.Long;@7b680bd0, system=0, preferredEditor=legacy, hidden=0, offlineEnabled=false, ruletype=1, dep_functions=[Ljava.lang.String;@5071f675, definition=cast(
  'type!{2876}',
  #"SYSTEM_SYSRULES_queryEntity"(
    entity: #"7bb0bbb8-4ea0-4b9a-8dba-bfdd2371b664_MAINDSECONSTANT",
    query: #"SYSTEM_SYSRULES_query"(
      filter: #"SYSTEM_SYSRULES_queryFilter"(
        field: "id",
        operator: "=",
        value: ri!id
      ),
      pagingInfo: #"SYSTEM_SYSRULES_pagingInfo"(1, 1)
    )
  ).data
)

, dep_types=[Ljava.lang.String;@1c68bc69, metadataExpr=null, parameters=[Lcom.appiancorp.suiteapi.process.TypedVariable;@76af52f9, dep_variables=[[Ljava.lang.String;@4d22f177},partition=2,partitionName=/usr/local/appian/_admin/accdocs2]
2019-01-21 13:31:02.322 DEBUG content 14169 8ce86692-a813-43e9-a433-b3216531dc5f_GETONERECORD Processing reference: FreeformRule.forum
2019-01-21 13:31:02.323 DEBUG content 14169 8ce86692-a813-43e9-a433-b3216531dc5f_GETONERECORD Processing reference: TypedVariable[name=id,it=1,v=<null>]
2019-01-21 13:31:02.323 DEBUG content 14169 8ce86692-a813-43e9-a433-b3216531dc5f_GETONERECORD Processing reference: FreeformRule.parent
2019-01-21 13:31:02.324 DEBUG content 14169 8ce86692-a813-43e9-a433-b3216531dc5f_GETONERECORD Processing reference: com.appiancorp.suiteapi.content.ContentRoleMap@24aa7ea2[
  ContentRole[name=readers,inherit=true,allowForAll=false]
  ContentRole[name=authors,inherit=true,allowForAll=false]
  ContentRole[name=administrators,inherit=true,allowForAll=false]
  ContentRole[name=denyReaders,inherit=false,allowForAll=false]
  ContentRole[name=denyAuthors,inherit=false,allowForAll=false]
  ContentRole[name=denyAdministrators,inherit=false,allowForAll=false]
  securityVector=15:SEC_PUBLIC=true,SEC_CREATOR_ADMIN=false,SEC_INH_ADMIN=true,SEC_INH_EDITOR=true,SEC_INH_VIEWER=true,SEC_ALL_ADMIN=false,SEC_ALL_EDITOR=false,SEC_ALL_VIEWER=false
]
2019-01-21 13:31:02.324 DEBUG content 14169 8ce86692-a813-43e9-a433-b3216531dc5f_GETONERECORD Processing reference: ContentRole[name=readers,inherit=true,allowForAll=false]
2019-01-21 13:31:02.324 DEBUG content 14169 8ce86692-a813-43e9-a433-b3216531dc5f_GETONERECORD Processing reference: ContentRole[name=authors,inherit=true,allowForAll=false]
2019-01-21 13:31:02.324 DEBUG content 14169 8ce86692-a813-43e9-a433-b3216531dc5f_GETONERECORD Processing reference: ContentRole[name=administrators,inherit=true,allowForAll=false]
2019-01-21 13:31:02.324 DEBUG content 14169 8ce86692-a813-43e9-a433-b3216531dc5f_GETONERECORD Processing reference: ContentRole[name=denyReaders,inherit=false,allowForAll=false]
2019-01-21 13:31:02.324 DEBUG content 14169 8ce86692-a813-43e9-a433-b3216531dc5f_GETONERECORD Processing reference: ContentRole[name=denyAuthors,inherit=false,allowForAll=false]
2019-01-21 13:31:02.324 DEBUG content 14169 8ce86692-a813-43e9-a433-b3216531dc5f_GETONERECORD Processing reference: ContentRole[name=denyAdministrators,inherit=false,allowForAll=false]
2019-01-21 13:31:02.324 DEBUG content 14169 8ce86692-a813-43e9-a433-b3216531dc5f_GETONERECORD Completing produce.
2019-01-21 13:31:02.324 DEBUG content 14169 8ce86692-a813-43e9-a433-b3216531dc5f_GETONERECORD Exporting binary resources.
2019-01-21 13:31:02.324 DEBUG content 14169 8ce86692-a813-43e9-a433-b3216531dc5f_GETONERECORD Serializing object to XML.
2019-01-21 13:31:02.326 DEBUG content 14169 8ce86692-a813-43e9-a433-b3216531dc5f_GETONERECORD Object transported.
2019-01-21 13:31:02.326 DEBUG content 14183 _a-0000e0d5-aa1e-8000-3120-01ef9001ef90_13549 Begin transport.
2019-01-21 13:31:02.326 DEBUG content 14183 _a-0000e0d5-aa1e-8000-3120-01ef9001ef90_13549 Retrieving object data.
2019-01-21 13:31:02.332 DEBUG content 14183 _a-0000e0d5-aa1e-8000-3120-01ef9001ef90_13549 Setting uuids of object references.
2019-01-21 13:31:02.332 DEBUG content 14183 _a-0000e0d5-aa1e-8000-3120-01ef9001ef90_13549 Processing reference: [Content:id=13170,versionId=-1,name=TestExp,description=,type=32,subtype=1,uuid=_a-0000e0d5-aa1e-8000-3120-01ef9001ef90_13549,parent=11564,parentName=EMS Rules and Constants,parentType=2,log=14183,logName=TestExp,state=255,visibility=35,security=15,creator=Vidyas,createdTimestamp=2019-01-21 07:01:04.0,updatedTimestamp=2019-01-21 07:01:04.0,size=0,lockedBy=,changesRequireApproval=false,attributes={dep_rules=[Ljava.lang.Long;@6a173c8c, system=0, preferredEditor=legacy, hidden=0, ruletype=1, dep_functions=[Ljava.lang.String;@451912a4, definition="Test exp rule updated for testing11111111111111111111110000000000000000000", dep_types=[Ljava.lang.String;@448945ee, parameters=[Lcom.appiancorp.suiteapi.process.TypedVariable;@29112d1e, dep_variables=[[Ljava.lang.String;@7ab197ec},partition=3,partitionName=/usr/local/appian/_admin/accdocs3]
2019-01-21 13:31:02.332 DEBUG content 14183 _a-0000e0d5-aa1e-8000-3120-01ef9001ef90_13549 Processing reference: FreeformRule.forum
2019-01-21 13:31:02.332 DEBUG content 14183 _a-0000e0d5-aa1e-8000-3120-01ef9001ef90_13549 Processing reference: FreeformRule.parent
2019-01-21 13:31:02.334 DEBUG content 14183 _a-0000e0d5-aa1e-8000-3120-01ef9001ef90_13549 Processing reference: com.appiancorp.suiteapi.content.ContentRoleMap@3fd8b038[
  ContentRole[name=readers,inherit=true,allowForAll=false]
  ContentRole[name=authors,inherit=true,allowForAll=false]
  ContentRole[name=administrators,inherit=true,allowForAll=false]
  ContentRole[name=denyReaders,inherit=false,allowForAll=false]
  ContentRole[name=denyAuthors,inherit=false,allowForAll=false]
  ContentRole[name=denyAdministrators,inherit=false,allowForAll=false]
  securityVector=15:SEC_PUBLIC=true,SEC_CREATOR_ADMIN=false,SEC_INH_ADMIN=true,SEC_INH_EDITOR=true,SEC_INH_VIEWER=true,SEC_ALL_ADMIN=false,SEC_ALL_EDITOR=false,SEC_ALL_VIEWER=false
]
2019-01-21 13:31:02.334 DEBUG content 14183 _a-0000e0d5-aa1e-8000-3120-01ef9001ef90_13549 Processing reference: ContentRole[name=readers,inherit=true,allowForAll=false]
2019-01-21 13:31:02.334 DEBUG content 14183 _a-0000e0d5-aa1e-8000-3120-01ef9001ef90_13549 Processing reference: ContentRole[name=authors,inherit=true,allowForAll=false]
2019-01-21 13:31:02.334 DEBUG content 14183 _a-0000e0d5-aa1e-8000-3120-01ef9001ef90_13549 Processing reference: ContentRole[name=administrators,inherit=true,allowForAll=false]
2019-01-21 13:31:02.334 DEBUG content 14183 _a-0000e0d5-aa1e-8000-3120-01ef9001ef90_13549 Processing reference: ContentRole[name=denyReaders,inherit=false,allowForAll=false]
2019-01-21 13:31:02.334 DEBUG content 14183 _a-0000e0d5-aa1e-8000-3120-01ef9001ef90_13549 Processing reference: ContentRole[name=denyAuthors,inherit=false,allowForAll=false]
2019-01-21 13:31:02.334 DEBUG content 14183 _a-0000e0d5-aa1e-8000-3120-01ef9001ef90_13549 Processing reference: ContentRole[name=denyAdministrators,inherit=false,allowForAll=false]
2019-01-21 13:31:02.334 DEBUG content 14183 _a-0000e0d5-aa1e-8000-3120-01ef9001ef90_13549 Completing produce.
2019-01-21 13:31:02.334 DEBUG content 14183 _a-0000e0d5-aa1e-8000-3120-01ef9001ef90_13549 Exporting binary resources.
2019-01-21 13:31:02.334 DEBUG content 14183 _a-0000e0d5-aa1e-8000-3120-01ef9001ef90_13549 Serializing object to XML.
2019-01-21 13:31:02.334 DEBUG content 14183 _a-0000e0d5-aa1e-8000-3120-01ef9001ef90_13549 Object transported.
